Pseudo-terminal will not be allocated because stdin is not a terminal.
Permission denied, please try again.
Linux ece5725-f20 5.4.51-v7l+ #1327 SMP Thu Jul 23 11:04:39 BST 2020 armv7l

The programs included with the Debian GNU/Linux system are free software;
the exact distribution terms for each program are described in the
individual files in /usr/share/doc/*/copyright.

Debian GNU/Linux comes with ABSOLUTELY NO WARRANTY, to the extent
permitted by applicable law.
Pseudo-terminal will not be allocated because stdin is not a terminal.
Linux ece5725-f20 5.4.51-v7l+ #1327 SMP Thu Jul 23 11:04:39 BST 2020 armv7l

The programs included with the Debian GNU/Linux system are free software;
the exact distribution terms for each program are described in the
individual files in /usr/share/doc/*/copyright.

Debian GNU/Linux comes with ABSOLUTELY NO WARRANTY, to the extent
permitted by applicable law.
Pseudo-terminal will not be allocated because stdin is not a terminal.
Pseudo-terminal will not be allocated because stdin is not a terminal.
Linux ece5725-f20 5.4.51-v7l+ #1327 SMP Thu Jul 23 11:04:39 BST 2020 armv7l

The programs included with the Debian GNU/Linux system are free software;
the exact distribution terms for each program are described in the
individual files in /usr/share/doc/*/copyright.

Debian GNU/Linux comes with ABSOLUTELY NO WARRANTY, to the extent
permitted by applicable law.
Pseudo-terminal will not be allocated because stdin is not a terminal.
